2026-02-19 14:24:20,320 - INFO - HTTP Request: POST https://api.telegram.org/botYOUR_BOT_TOKEN/getMe "HTTP/1.1 404 Not Found"
2026-02-19 14:24:20,323 - ERROR - Network Retry Loop (Bootstrap Initialize Application): Invalid token. Aborting retry loop.
Traceback (most recent call last):
  File "C:\Users\Admin\AppData\Local\Python\pythoncore-3.14-64\Lib\site-packages\telegram\_bot.py", line 856, in initialize
    await self.get_me()
  File "C:\Users\Admin\AppData\Local\Python\pythoncore-3.14-64\Lib\site-packages\telegram\ext\_extbot.py", line 2007, in get_me
    return await super().get_me(
           ^^^^^^^^^^^^^^^^^^^^^
    ...<5 lines>...
    )
    ^
  File "C:\Users\Admin\AppData\Local\Python\pythoncore-3.14-64\Lib\site-packages\telegram\_bot.py", line 989, in get_me
    result = await self._post(
             ^^^^^^^^^^^^^^^^^
    ...<6 lines>...
    )
    ^
  File "C:\Users\Admin\AppData\Local\Python\pythoncore-3.14-64\Lib\site-packages\telegram\_bot.py", line 703, in _post
    return await self._do_post(
           ^^^^^^^^^^^^^^^^^^^^
    ...<6 lines>...
    )
    ^
  File "C:\Users\Admin\AppData\Local\Python\pythoncore-3.14-64\Lib\site-packages\telegram\ext\_extbot.py", line 369, in _do_post
    return await super()._do_post(
           ^^^^^^^^^^^^^^^^^^^^^^^
    ...<6 lines>...
    )
    ^
  File "C:\Users\Admin\AppData\Local\Python\pythoncore-3.14-64\Lib\site-packages\telegram\_bot.py", line 732, in _do_post
    result = await request.post(
             ^^^^^^^^^^^^^^^^^^^
    ...<6 lines>...
    )
    ^
  File "C:\Users\Admin\AppData\Local\Python\pythoncore-3.14-64\Lib\site-packages\telegram\request\_baserequest.py", line 198, in post
    result = await self._request_wrapper(
             ^^^^^^^^^^^^^^^^^^^^^^^^^^^^
    ...<7 lines>...
    )
    ^
  File "C:\Users\Admin\AppData\Local\Python\pythoncore-3.14-64\Lib\site-packages\telegram\request\_baserequest.py", line 375, in _request_wrapper
    raise exception
telegram.error.InvalidToken: Not Found

The above exception was the direct cause of the following exception:

Traceback (most recent call last):
  File "C:\Users\Admin\AppData\Local\Python\pythoncore-3.14-64\Lib\site-packages\telegram\ext\_utils\networkloop.py", line 161, in network_retry_loop
    await do_action()
  File "C:\Users\Admin\AppData\Local\Python\pythoncore-3.14-64\Lib\site-packages\telegram\ext\_utils\networkloop.py", line 136, in do_action
    await action_cb()
  File "C:\Users\Admin\AppData\Local\Python\pythoncore-3.14-64\Lib\site-packages\telegram\ext\_application.py", line 489, in initialize
    await self.bot.initialize()
  File "C:\Users\Admin\AppData\Local\Python\pythoncore-3.14-64\Lib\site-packages\telegram\ext\_extbot.py", line 315, in initialize
    await super().initialize()
  File "C:\Users\Admin\AppData\Local\Python\pythoncore-3.14-64\Lib\site-packages\telegram\_bot.py", line 859, in initialize
    raise InvalidToken(f"The token `{self._token}` was rejected by the server.") from exc
telegram.error.InvalidToken: The token `YOUR_BOT_TOKEN` was rejected by the server.
2026-02-19 14:25:07,181 - INFO - HTTP Request: POST https://api.telegram.org/bot8270157033:AAERc9UPafWRCBDSk7mw6Uiqhb00WjcB_Qo/getMe "HTTP/1.1 200 OK"
2026-02-19 14:25:07,288 - INFO - HTTP Request: POST https://api.telegram.org/bot8270157033:AAERc9UPafWRCBDSk7mw6Uiqhb00WjcB_Qo/deleteWebhook "HTTP/1.1 200 OK"
2026-02-19 14:25:07,291 - INFO - Application started
2026-02-19 14:25:18,325 - INFO - HTTP Request: POST https://api.telegram.org/bot8270157033:AAERc9UPafWRCBDSk7mw6Uiqhb00WjcB_Qo/getUpdates "HTTP/1.1 200 OK"
2026-02-19 14:25:28,435 - INFO - HTTP Request: POST https://api.telegram.org/bot8270157033:AAERc9UPafWRCBDSk7mw6Uiqhb00WjcB_Qo/getUpdates "HTTP/1.1 200 OK"
2026-02-19 14:25:38,675 - INFO - HTTP Request: POST https://api.telegram.org/bot8270157033:AAERc9UPafWRCBDSk7mw6Uiqhb00WjcB_Qo/getUpdates "HTTP/1.1 200 OK"
2026-02-19 14:25:48,786 - INFO - HTTP Request: POST https://api.telegram.org/bot8270157033:AAERc9UPafWRCBDSk7mw6Uiqhb00WjcB_Qo/getUpdates "HTTP/1.1 200 OK"
2026-02-19 14:25:58,897 - INFO - HTTP Request: POST https://api.telegram.org/bot8270157033:AAERc9UPafWRCBDSk7mw6Uiqhb00WjcB_Qo/getUpdates "HTTP/1.1 200 OK"
2026-02-19 14:26:09,009 - INFO - HTTP Request: POST https://api.telegram.org/bot8270157033:AAERc9UPafWRCBDSk7mw6Uiqhb00WjcB_Qo/getUpdates "HTTP/1.1 200 OK"
2026-02-19 14:26:19,114 - INFO - HTTP Request: POST https://api.telegram.org/bot8270157033:AAERc9UPafWRCBDSk7mw6Uiqhb00WjcB_Qo/getUpdates "HTTP/1.1 200 OK"
2026-02-19 14:26:29,368 - INFO - HTTP Request: POST https://api.telegram.org/bot8270157033:AAERc9UPafWRCBDSk7mw6Uiqhb00WjcB_Qo/getUpdates "HTTP/1.1 200 OK"
2026-02-19 14:26:39,475 - INFO - HTTP Request: POST https://api.telegram.org/bot8270157033:AAERc9UPafWRCBDSk7mw6Uiqhb00WjcB_Qo/getUpdates "HTTP/1.1 200 OK"
2026-02-19 14:26:49,579 - INFO - HTTP Request: POST https://api.telegram.org/bot8270157033:AAERc9UPafWRCBDSk7mw6Uiqhb00WjcB_Qo/getUpdates "HTTP/1.1 200 OK"
2026-02-19 14:26:56,242 - INFO - HTTP Request: POST https://api.telegram.org/bot8270157033:AAERc9UPafWRCBDSk7mw6Uiqhb00WjcB_Qo/getUpdates "HTTP/1.1 200 OK"
2026-02-19 14:26:56,244 - INFO - Application is stopping. This might take a moment.
2026-02-19 14:26:56,244 - INFO - Application.stop() complete
2026-02-19 14:28:32,617 - INFO -  Bot Started Successfully
2026-02-19 14:28:33,997 - INFO - HTTP Request: POST https://api.telegram.org/bot8270157033:AAERc9UPafWRCBDSk7mw6Uiqhb00WjcB_Qo/getMe "HTTP/1.1 200 OK"
2026-02-19 14:28:34,096 - INFO - HTTP Request: POST https://api.telegram.org/bot8270157033:AAERc9UPafWRCBDSk7mw6Uiqhb00WjcB_Qo/deleteWebhook "HTTP/1.1 200 OK"
2026-02-19 14:28:34,099 - INFO - Application started
2026-02-19 14:28:44,900 - INFO - HTTP Request: POST https://api.telegram.org/bot8270157033:AAERc9UPafWRCBDSk7mw6Uiqhb00WjcB_Qo/getUpdates "HTTP/1.1 200 OK"
2026-02-19 14:28:52,042 - INFO - HTTP Request: POST https://api.telegram.org/bot8270157033:AAERc9UPafWRCBDSk7mw6Uiqhb00WjcB_Qo/getUpdates "HTTP/1.1 200 OK"
2026-02-19 14:28:54,666 - INFO - HTTP Request: POST https://api.telegram.org/bot8270157033:AAERc9UPafWRCBDSk7mw6Uiqhb00WjcB_Qo/getUpdates "HTTP/1.1 200 OK"
2026-02-19 14:28:55,870 - INFO - HTTP Request: POST https://api.telegram.org/bot8270157033:AAERc9UPafWRCBDSk7mw6Uiqhb00WjcB_Qo/getUpdates "HTTP/1.1 200 OK"
2026-02-19 14:29:06,135 - INFO - HTTP Request: POST https://api.telegram.org/bot8270157033:AAERc9UPafWRCBDSk7mw6Uiqhb00WjcB_Qo/getUpdates "HTTP/1.1 200 OK"
2026-02-19 14:29:16,242 - INFO - HTTP Request: POST https://api.telegram.org/bot8270157033:AAERc9UPafWRCBDSk7mw6Uiqhb00WjcB_Qo/getUpdates "HTTP/1.1 200 OK"
2026-02-19 14:29:26,346 - INFO - HTTP Request: POST https://api.telegram.org/bot8270157033:AAERc9UPafWRCBDSk7mw6Uiqhb00WjcB_Qo/getUpdates "HTTP/1.1 200 OK"
2026-02-19 14:29:36,450 - INFO - HTTP Request: POST https://api.telegram.org/bot8270157033:AAERc9UPafWRCBDSk7mw6Uiqhb00WjcB_Qo/getUpdates "HTTP/1.1 200 OK"
2026-02-19 14:29:46,561 - INFO - HTTP Request: POST https://api.telegram.org/bot8270157033:AAERc9UPafWRCBDSk7mw6Uiqhb00WjcB_Qo/getUpdates "HTTP/1.1 200 OK"
2026-02-19 14:29:56,857 - INFO - HTTP Request: POST https://api.telegram.org/bot8270157033:AAERc9UPafWRCBDSk7mw6Uiqhb00WjcB_Qo/getUpdates "HTTP/1.1 200 OK"
2026-02-19 14:30:06,968 - INFO - HTTP Request: POST https://api.telegram.org/bot8270157033:AAERc9UPafWRCBDSk7mw6Uiqhb00WjcB_Qo/getUpdates "HTTP/1.1 200 OK"
2026-02-19 14:30:17,144 - INFO - HTTP Request: POST https://api.telegram.org/bot8270157033:AAERc9UPafWRCBDSk7mw6Uiqhb00WjcB_Qo/getUpdates "HTTP/1.1 200 OK"
2026-02-19 14:30:27,261 - INFO - HTTP Request: POST https://api.telegram.org/bot8270157033:AAERc9UPafWRCBDSk7mw6Uiqhb00WjcB_Qo/getUpdates "HTTP/1.1 200 OK"
2026-02-19 14:30:37,379 - INFO - HTTP Request: POST https://api.telegram.org/bot8270157033:AAERc9UPafWRCBDSk7mw6Uiqhb00WjcB_Qo/getUpdates "HTTP/1.1 200 OK"
2026-02-19 14:30:47,483 - INFO - HTTP Request: POST https://api.telegram.org/bot8270157033:AAERc9UPafWRCBDSk7mw6Uiqhb00WjcB_Qo/getUpdates "HTTP/1.1 200 OK"
2026-02-19 14:30:57,799 - INFO - HTTP Request: POST https://api.telegram.org/bot8270157033:AAERc9UPafWRCBDSk7mw6Uiqhb00WjcB_Qo/getUpdates "HTTP/1.1 200 OK"
2026-02-19 14:31:07,932 - INFO - HTTP Request: POST https://api.telegram.org/bot8270157033:AAERc9UPafWRCBDSk7mw6Uiqhb00WjcB_Qo/getUpdates "HTTP/1.1 200 OK"
2026-02-19 14:31:18,038 - INFO - HTTP Request: POST https://api.telegram.org/bot8270157033:AAERc9UPafWRCBDSk7mw6Uiqhb00WjcB_Qo/getUpdates "HTTP/1.1 200 OK"
2026-02-19 14:31:28,148 - INFO - HTTP Request: POST https://api.telegram.org/bot8270157033:AAERc9UPafWRCBDSk7mw6Uiqhb00WjcB_Qo/getUpdates "HTTP/1.1 200 OK"
2026-02-19 14:31:38,257 - INFO - HTTP Request: POST https://api.telegram.org/bot8270157033:AAERc9UPafWRCBDSk7mw6Uiqhb00WjcB_Qo/getUpdates "HTTP/1.1 200 OK"
2026-02-19 14:31:48,361 - INFO - HTTP Request: POST https://api.telegram.org/bot8270157033:AAERc9UPafWRCBDSk7mw6Uiqhb00WjcB_Qo/getUpdates "HTTP/1.1 200 OK"
2026-02-19 14:31:58,690 - INFO - HTTP Request: POST https://api.telegram.org/bot8270157033:AAERc9UPafWRCBDSk7mw6Uiqhb00WjcB_Qo/getUpdates "HTTP/1.1 200 OK"
2026-02-19 14:32:09,322 - INFO - HTTP Request: POST https://api.telegram.org/bot8270157033:AAERc9UPafWRCBDSk7mw6Uiqhb00WjcB_Qo/getUpdates "HTTP/1.1 200 OK"
2026-02-19 14:32:11,324 - INFO - HTTP Request: POST https://api.telegram.org/bot8270157033:AAERc9UPafWRCBDSk7mw6Uiqhb00WjcB_Qo/getUpdates "HTTP/1.1 200 OK"
2026-02-19 14:32:11,763 - INFO - HTTP Request: POST https://api.telegram.org/bot8270157033:AAERc9UPafWRCBDSk7mw6Uiqhb00WjcB_Qo/sendMessage "HTTP/1.1 200 OK"
2026-02-19 14:32:15,434 - INFO - HTTP Request: POST https://api.telegram.org/bot8270157033:AAERc9UPafWRCBDSk7mw6Uiqhb00WjcB_Qo/getUpdates "HTTP/1.1 200 OK"
2026-02-19 14:32:15,762 - INFO - HTTP Request: POST https://api.telegram.org/bot8270157033:AAERc9UPafWRCBDSk7mw6Uiqhb00WjcB_Qo/sendMessage "HTTP/1.1 200 OK"
2026-02-19 14:32:16,022 - INFO - HTTP Request: POST https://api.telegram.org/bot8270157033:AAERc9UPafWRCBDSk7mw6Uiqhb00WjcB_Qo/sendMessage "HTTP/1.1 200 OK"
2026-02-19 14:32:16,214 - INFO - HTTP Request: POST https://api.telegram.org/bot8270157033:AAERc9UPafWRCBDSk7mw6Uiqhb00WjcB_Qo/sendMessage "HTTP/1.1 200 OK"
2026-02-19 14:32:25,603 - INFO - HTTP Request: POST https://api.telegram.org/bot8270157033:AAERc9UPafWRCBDSk7mw6Uiqhb00WjcB_Qo/getUpdates "HTTP/1.1 200 OK"
2026-02-19 14:32:30,947 - INFO - HTTP Request: POST https://api.telegram.org/bot8270157033:AAERc9UPafWRCBDSk7mw6Uiqhb00WjcB_Qo/getUpdates "HTTP/1.1 200 OK"
2026-02-19 14:32:31,401 - INFO - HTTP Request: POST https://api.telegram.org/bot8270157033:AAERc9UPafWRCBDSk7mw6Uiqhb00WjcB_Qo/sendMessage "HTTP/1.1 200 OK"
2026-02-19 14:32:36,274 - INFO - HTTP Request: POST https://api.telegram.org/bot8270157033:AAERc9UPafWRCBDSk7mw6Uiqhb00WjcB_Qo/getUpdates "HTTP/1.1 200 OK"
2026-02-19 14:32:36,401 - INFO - HTTP Request: POST https://api.telegram.org/bot8270157033:AAERc9UPafWRCBDSk7mw6Uiqhb00WjcB_Qo/sendMessage "HTTP/1.1 200 OK"
2026-02-19 14:32:46,593 - INFO - HTTP Request: POST https://api.telegram.org/bot8270157033:AAERc9UPafWRCBDSk7mw6Uiqhb00WjcB_Qo/getUpdates "HTTP/1.1 200 OK"
2026-02-19 14:32:48,900 - INFO - HTTP Request: POST https://api.telegram.org/bot8270157033:AAERc9UPafWRCBDSk7mw6Uiqhb00WjcB_Qo/getUpdates "HTTP/1.1 200 OK"
2026-02-19 14:32:49,253 - INFO - HTTP Request: POST https://api.telegram.org/bot8270157033:AAERc9UPafWRCBDSk7mw6Uiqhb00WjcB_Qo/sendMessage "HTTP/1.1 200 OK"
2026-02-19 14:32:49,950 - INFO - HTTP Request: POST https://api.telegram.org/bot8270157033:AAERc9UPafWRCBDSk7mw6Uiqhb00WjcB_Qo/sendMessage "HTTP/1.1 200 OK"
2026-02-19 14:32:50,082 - INFO - HTTP Request: POST https://api.telegram.org/bot8270157033:AAERc9UPafWRCBDSk7mw6Uiqhb00WjcB_Qo/sendMessage "HTTP/1.1 200 OK"
2026-02-19 14:32:50,220 - INFO - HTTP Request: POST https://api.telegram.org/bot8270157033:AAERc9UPafWRCBDSk7mw6Uiqhb00WjcB_Qo/sendMessage "HTTP/1.1 200 OK"
2026-02-19 14:32:59,026 - INFO - HTTP Request: POST https://api.telegram.org/bot8270157033:AAERc9UPafWRCBDSk7mw6Uiqhb00WjcB_Qo/getUpdates "HTTP/1.1 200 OK"
2026-02-19 14:33:09,133 - INFO - HTTP Request: POST https://api.telegram.org/bot8270157033:AAERc9UPafWRCBDSk7mw6Uiqhb00WjcB_Qo/getUpdates "HTTP/1.1 200 OK"
2026-02-19 14:33:19,460 - INFO - HTTP Request: POST https://api.telegram.org/bot8270157033:AAERc9UPafWRCBDSk7mw6Uiqhb00WjcB_Qo/getUpdates "HTTP/1.1 200 OK"
2026-02-19 14:33:29,567 - INFO - HTTP Request: POST https://api.telegram.org/bot8270157033:AAERc9UPafWRCBDSk7mw6Uiqhb00WjcB_Qo/getUpdates "HTTP/1.1 200 OK"
2026-02-19 14:33:39,680 - INFO - HTTP Request: POST https://api.telegram.org/bot8270157033:AAERc9UPafWRCBDSk7mw6Uiqhb00WjcB_Qo/getUpdates "HTTP/1.1 200 OK"
2026-02-19 14:33:50,199 - INFO - HTTP Request: POST https://api.telegram.org/bot8270157033:AAERc9UPafWRCBDSk7mw6Uiqhb00WjcB_Qo/getUpdates "HTTP/1.1 200 OK"
2026-02-19 14:34:00,310 - INFO - HTTP Request: POST https://api.telegram.org/bot8270157033:AAERc9UPafWRCBDSk7mw6Uiqhb00WjcB_Qo/getUpdates "HTTP/1.1 200 OK"
2026-02-19 14:34:10,419 - INFO - HTTP Request: POST https://api.telegram.org/bot8270157033:AAERc9UPafWRCBDSk7mw6Uiqhb00WjcB_Qo/getUpdates "HTTP/1.1 200 OK"
2026-02-19 14:34:20,528 - INFO - HTTP Request: POST https://api.telegram.org/bot8270157033:AAERc9UPafWRCBDSk7mw6Uiqhb00WjcB_Qo/getUpdates "HTTP/1.1 200 OK"
2026-02-19 14:34:30,638 - INFO - HTTP Request: POST https://api.telegram.org/bot8270157033:AAERc9UPafWRCBDSk7mw6Uiqhb00WjcB_Qo/getUpdates "HTTP/1.1 200 OK"
2026-02-19 14:34:40,960 - INFO - HTTP Request: POST https://api.telegram.org/bot8270157033:AAERc9UPafWRCBDSk7mw6Uiqhb00WjcB_Qo/getUpdates "HTTP/1.1 200 OK"
2026-02-19 14:34:51,068 - INFO - HTTP Request: POST https://api.telegram.org/bot8270157033:AAERc9UPafWRCBDSk7mw6Uiqhb00WjcB_Qo/getUpdates "HTTP/1.1 200 OK"
2026-02-19 14:35:01,187 - INFO - HTTP Request: POST https://api.telegram.org/bot8270157033:AAERc9UPafWRCBDSk7mw6Uiqhb00WjcB_Qo/getUpdates "HTTP/1.1 200 OK"
2026-02-19 14:35:11,300 - INFO - HTTP Request: POST https://api.telegram.org/bot8270157033:AAERc9UPafWRCBDSk7mw6Uiqhb00WjcB_Qo/getUpdates "HTTP/1.1 200 OK"
2026-02-19 14:35:21,407 - INFO - HTTP Request: POST https://api.telegram.org/bot8270157033:AAERc9UPafWRCBDSk7mw6Uiqhb00WjcB_Qo/getUpdates "HTTP/1.1 200 OK"
2026-02-19 14:35:31,515 - INFO - HTTP Request: POST https://api.telegram.org/bot8270157033:AAERc9UPafWRCBDSk7mw6Uiqhb00WjcB_Qo/getUpdates "HTTP/1.1 200 OK"
2026-02-19 14:35:41,628 - INFO - HTTP Request: POST https://api.telegram.org/bot8270157033:AAERc9UPafWRCBDSk7mw6Uiqhb00WjcB_Qo/getUpdates "HTTP/1.1 200 OK"
2026-02-19 14:35:51,733 - INFO - HTTP Request: POST https://api.telegram.org/bot8270157033:AAERc9UPafWRCBDSk7mw6Uiqhb00WjcB_Qo/getUpdates "HTTP/1.1 200 OK"
2026-02-19 14:36:01,857 - INFO - HTTP Request: POST https://api.telegram.org/bot8270157033:AAERc9UPafWRCBDSk7mw6Uiqhb00WjcB_Qo/getUpdates "HTTP/1.1 200 OK"
2026-02-19 14:36:11,964 - INFO - HTTP Request: POST https://api.telegram.org/bot8270157033:AAERc9UPafWRCBDSk7mw6Uiqhb00WjcB_Qo/getUpdates "HTTP/1.1 200 OK"
2026-02-19 14:36:22,071 - INFO - HTTP Request: POST https://api.telegram.org/bot8270157033:AAERc9UPafWRCBDSk7mw6Uiqhb00WjcB_Qo/getUpdates "HTTP/1.1 200 OK"
2026-02-19 14:36:32,178 - INFO - HTTP Request: POST https://api.telegram.org/bot8270157033:AAERc9UPafWRCBDSk7mw6Uiqhb00WjcB_Qo/getUpdates "HTTP/1.1 200 OK"
2026-02-19 14:36:42,293 - INFO - HTTP Request: POST https://api.telegram.org/bot8270157033:AAERc9UPafWRCBDSk7mw6Uiqhb00WjcB_Qo/getUpdates "HTTP/1.1 200 OK"
2026-02-19 14:36:52,402 - INFO - HTTP Request: POST https://api.telegram.org/bot8270157033:AAERc9UPafWRCBDSk7mw6Uiqhb00WjcB_Qo/getUpdates "HTTP/1.1 200 OK"
2026-02-19 14:37:02,511 - INFO - HTTP Request: POST https://api.telegram.org/bot8270157033:AAERc9UPafWRCBDSk7mw6Uiqhb00WjcB_Qo/getUpdates "HTTP/1.1 200 OK"
2026-02-19 14:37:12,630 - INFO - HTTP Request: POST https://api.telegram.org/bot8270157033:AAERc9UPafWRCBDSk7mw6Uiqhb00WjcB_Qo/getUpdates "HTTP/1.1 200 OK"
2026-02-19 14:37:18,973 - INFO - HTTP Request: POST https://api.telegram.org/bot8270157033:AAERc9UPafWRCBDSk7mw6Uiqhb00WjcB_Qo/getUpdates "HTTP/1.1 200 OK"
2026-02-19 14:37:18,975 - INFO - Application is stopping. This might take a moment.
2026-02-19 14:37:18,975 - INFO - Application.stop() complete
